TN:
SF:packages\shared-api\src\index.ts
FN:171,ApiError
FN:182,normalizeBase
FN:187,endpoint
FN:191,query
FN:202,jsonOptions
FN:206,parsePayload
FN:221,request
FN:250,get
FN:251,post
FN:254,registerPatient
FN:255,loginPatient
FN:256,loginDoctor
FN:257,loginAdmin
FN:258,currentUser
FN:262,info
FN:263,departments
FN:264,doctors
FN:265,doctorDetail
FN:266,triage
FN:268,triageList
FN:269,registrationSlots
FN:270,registrations
FN:271,createRegistration
FN:272,cancelRegistration
FN:273,completeRegistration
FN:274,medicalRecords
FN:275,medicalRecordDetail
FN:276,prescriptions
FN:277,prescriptionDetail
FN:283,registrations
FN:284,completeRegistration
FN:285,triageList
FN:286,medicalRecords
FN:287,medicalRecordDetail
FN:288,generateMedicalRecord
FN:289,saveMedicalRecord
FN:290,checkPrescription
FN:291,createPrescription
FN:292,prescriptions
FN:294,searchDrugs
FN:295,notifications
FN:296,markNotificationRead
FN:301,departments
FN:303,saveDepartment
FN:304,saveDoctor
FN:305,drugs
FN:306,saveDrug
FN:307,prompts
FN:308,savePrompt
FN:309,knowledgeEntries
FN:310,saveKnowledgeEntry
FN:311,dicts
FN:312,saveDict
FN:313,generateSchedule
FN:314,publishSchedule
FN:315,schedules
FN:316,scheduleSuggestionDetail
FN:317,triageDesk
FN:318,triageDetail
FN:319,assignTriage
FN:320,closeTriage
FN:321,searchKnowledge
FN:323,searchDrugs
FN:324,searchPrompts
FN:378,gatewayBase
FN:384,websocketBase
FN:390,notificationWebSocketUrl
FN:395,medicalRecordStreamUrl
FN:403,formatApiError
FN:409,localizeApiMessage
FN:425,toNumber
FN:430,fieldText
FN:435,statusClass
FN:449,statusText
FN:492,load
FN:502,save
FN:511,logout
FN:517,token
FN:521,requireRole
FN:531,bindUnauthorized
FN:532,handler
FN:554,refreshPublicData
FN:559,refreshAuthenticated
FN:602,refresh
FN:636,refresh
FN:638,keepCurrent
FNF:86
FNH:82
FNDA:8,ApiError
FNDA:2,normalizeBase
FNDA:70,endpoint
FNDA:15,query
FNDA:70,jsonOptions
FNDA:69,parsePayload
FNDA:70,request
FNDA:45,get
FNDA:25,post
FNDA:1,registerPatient
FNDA:3,loginPatient
FNDA:1,loginDoctor
FNDA:1,loginAdmin
FNDA:6,currentUser
FNDA:2,info
FNDA:1,departments
FNDA:2,doctors
FNDA:1,doctorDetail
FNDA:1,triage
FNDA:1,triageList
FNDA:1,registrationSlots
FNDA:1,registrations
FNDA:1,createRegistration
FNDA:1,cancelRegistration
FNDA:0,completeRegistration
FNDA:1,medicalRecords
FNDA:1,medicalRecordDetail
FNDA:1,prescriptions
FNDA:1,prescriptionDetail
FNDA:1,registrations
FNDA:1,completeRegistration
FNDA:1,triageList
FNDA:1,medicalRecords
FNDA:0,medicalRecordDetail
FNDA:1,generateMedicalRecord
FNDA:1,saveMedicalRecord
FNDA:1,checkPrescription
FNDA:1,createPrescription
FNDA:1,prescriptions
FNDA:1,searchDrugs
FNDA:2,notifications
FNDA:1,markNotificationRead
FNDA:2,departments
FNDA:1,saveDepartment
FNDA:1,saveDoctor
FNDA:2,drugs
FNDA:1,saveDrug
FNDA:2,prompts
FNDA:1,savePrompt
FNDA:2,knowledgeEntries
FNDA:1,saveKnowledgeEntry
FNDA:2,dicts
FNDA:1,saveDict
FNDA:1,generateSchedule
FNDA:1,publishSchedule
FNDA:2,schedules
FNDA:1,scheduleSuggestionDetail
FNDA:2,triageDesk
FNDA:1,triageDetail
FNDA:1,assignTriage
FNDA:1,closeTriage
FNDA:1,searchKnowledge
FNDA:1,searchDrugs
FNDA:1,searchPrompts
FNDA:2,gatewayBase
FNDA:1,websocketBase
FNDA:1,notificationWebSocketUrl
FNDA:1,medicalRecordStreamUrl
FNDA:2,formatApiError
FNDA:2,localizeApiMessage
FNDA:2,toNumber
FNDA:2,fieldText
FNDA:3,statusClass
FNDA:1,statusText
FNDA:0,load
FNDA:1,save
FNDA:1,logout
FNDA:1,token
FNDA:2,requireRole
FNDA:1,bindUnauthorized
FNDA:1,handler
FNDA:0,refreshPublicData
FNDA:1,refreshAuthenticated
FNDA:1,refresh
FNDA:1,refresh
FNDA:8,keepCurrent
DA:1,1
DA:167,1
DA:171,1
DA:172,8
DA:173,8
DA:174,8
DA:175,8
DA:176,8
DA:177,1
DA:179,1
DA:180,1
DA:182,2
DA:183,2
DA:184,2
DA:185,2
DA:187,70
DA:188,70
DA:189,70
DA:191,15
DA:192,15
DA:193,15
DA:194,16
DA:195,12
DA:196,12
DA:197,15
DA:198,15
DA:199,15
DA:200,15
DA:202,70
DA:203,70
DA:204,70
DA:206,69
DA:207,69
DA:208,4
DA:209,4
DA:210,65
DA:211,65
DA:212,1
DA:213,1
DA:214,64
DA:215,64
DA:216,65
DA:217,1
DA:218,1
DA:219,69
DA:221,70
DA:222,70
DA:223,70
DA:224,25
DA:225,25
DA:226,70
DA:227,60
DA:228,60
DA:230,70
DA:231,70
DA:232,70
DA:233,70
DA:234,1
DA:235,1
DA:237,69
DA:238,70
DA:239,70
DA:240,5
DA:241,5
DA:242,5
DA:243,2
DA:244,2
DA:245,5
DA:246,5
DA:247,63
DA:248,63
DA:250,1
DA:251,1
DA:253,1
DA:254,1
DA:255,1
DA:256,1
DA:257,1
DA:258,1
DA:259,1
DA:261,1
DA:262,1
DA:263,1
DA:264,1
DA:265,1
DA:266,1
DA:267,1
DA:268,1
DA:269,1
DA:270,1
DA:271,1
DA:272,1
DA:273,1
DA:274,1
DA:275,1
DA:276,1
DA:277,1
DA:278,1
DA:280,1
DA:281,1
DA:282,1
DA:283,1
DA:284,1
DA:285,1
DA:286,1
DA:287,1
DA:288,1
DA:289,1
DA:290,1
DA:291,1
DA:292,1
DA:293,1
DA:294,1
DA:295,1
DA:296,1
DA:297,1
DA:299,1
DA:300,1
DA:301,1
DA:302,1
DA:303,1
DA:304,1
DA:305,1
DA:306,1
DA:307,1
DA:308,1
DA:309,1
DA:310,1
DA:311,1
DA:312,1
DA:313,1
DA:314,1
DA:315,1
DA:316,1
DA:317,1
DA:318,1
DA:319,1
DA:320,1
DA:321,1
DA:322,1
DA:323,1
DA:324,1
DA:325,1
DA:327,1
DA:328,1
DA:329,1
DA:330,1
DA:331,1
DA:332,1
DA:333,1
DA:334,1
DA:335,1
DA:336,1
DA:337,1
DA:338,1
DA:339,1
DA:340,1
DA:341,1
DA:342,1
DA:343,1
DA:344,1
DA:345,1
DA:346,1
DA:347,1
DA:348,1
DA:349,1
DA:350,1
DA:351,1
DA:352,1
DA:353,1
DA:354,1
DA:355,1
DA:356,1
DA:357,1
DA:358,1
DA:359,1
DA:360,1
DA:361,1
DA:362,1
DA:363,1
DA:364,1
DA:365,1
DA:366,1
DA:367,1
DA:368,1
DA:369,1
DA:370,1
DA:371,1
DA:372,1
DA:373,1
DA:374,1
DA:375,1
DA:376,1
DA:378,1
DA:379,2
DA:380,0
DA:381,2
DA:382,2
DA:384,1
DA:385,1
DA:386,0
DA:387,1
DA:388,1
DA:390,1
DA:391,1
DA:392,1
DA:393,1
DA:395,1
DA:396,1
DA:397,1
DA:398,1
DA:399,1
DA:400,1
DA:401,1
DA:403,1
DA:404,2
DA:405,0
DA:406,0
DA:407,0
DA:409,2
DA:410,2
DA:411,2
DA:412,2
DA:413,2
DA:414,0
DA:415,0
DA:416,2
DA:417,0
DA:418,0
DA:419,2
DA:420,0
DA:421,0
DA:422,2
DA:423,2
DA:425,1
DA:426,2
DA:427,2
DA:428,2
DA:430,1
DA:431,2
DA:432,2
DA:433,2
DA:435,1
DA:436,3
DA:437,3
DA:438,1
DA:439,1
DA:440,3
DA:441,1
DA:442,1
DA:443,1
DA:444,1
DA:445,1
DA:446,0
DA:447,0
DA:449,1
DA:450,1
DA:451,1
DA:452,1
DA:453,1
DA:454,1
DA:455,1
DA:456,1
DA:457,1
DA:458,1
DA:459,1
DA:460,1
DA:461,1
DA:462,1
DA:463,1
DA:464,1
DA:465,1
DA:466,1
DA:467,1
DA:468,1
DA:469,1
DA:470,1
DA:471,1
DA:472,1
DA:473,1
DA:474,1
DA:475,1
DA:476,1
DA:477,1
DA:478,1
DA:479,1
DA:480,1
DA:481,1
DA:482,1
DA:483,1
DA:485,1
DA:486,1
DA:487,1
DA:488,1
DA:490,1
DA:492,1
DA:493,0
DA:494,0
DA:495,0
DA:496,0
DA:497,0
DA:498,0
DA:499,0
DA:500,0
DA:502,1
DA:503,1
DA:504,1
DA:505,1
DA:506,1
DA:507,0
DA:508,1
DA:509,1
DA:511,1
DA:512,1
DA:513,1
DA:514,1
DA:515,1
DA:517,1
DA:518,1
DA:519,1
DA:521,1
DA:522,2
DA:523,2
DA:524,1
DA:525,1
DA:526,1
DA:527,1
DA:528,1
DA:529,2
DA:531,1
DA:532,1
DA:533,1
DA:534,0
DA:535,0
DA:536,1
DA:537,1
DA:538,1
DA:540,1
DA:541,1
DA:543,1
DA:544,1
DA:545,1
DA:546,1
DA:547,1
DA:548,1
DA:549,1
DA:550,1
DA:551,1
DA:552,1
DA:554,1
DA:555,0
DA:556,0
DA:557,0
DA:559,1
DA:560,1
DA:561,1
DA:562,1
DA:563,1
DA:564,1
DA:565,1
DA:566,1
DA:567,1
DA:568,1
DA:569,1
DA:570,1
DA:571,1
DA:572,1
DA:573,1
DA:574,1
DA:575,1
DA:577,1
DA:578,1
DA:579,1
DA:580,1
DA:581,1
DA:582,1
DA:583,1
DA:584,1
DA:585,1
DA:586,1
DA:587,1
DA:588,1
DA:589,1
DA:590,1
DA:592,1
DA:593,1
DA:594,1
DA:595,1
DA:596,1
DA:597,1
DA:598,1
DA:599,1
DA:600,1
DA:602,1
DA:603,1
DA:604,1
DA:605,1
DA:606,1
DA:607,1
DA:608,1
DA:609,1
DA:610,1
DA:611,1
DA:612,1
DA:613,1
DA:614,1
DA:615,1
DA:616,1
DA:617,1
DA:619,1
DA:620,1
DA:622,1
DA:623,1
DA:624,1
DA:625,1
DA:626,1
DA:627,1
DA:628,1
DA:629,1
DA:630,1
DA:631,1
DA:632,1
DA:633,1
DA:634,1
DA:636,1
DA:637,1
DA:638,1
DA:639,1
DA:640,1
DA:641,1
DA:642,1
DA:643,1
DA:644,1
DA:645,1
DA:646,1
DA:647,1
DA:648,1
DA:649,1
DA:650,1
DA:651,1
DA:652,1
DA:653,1
DA:654,1
DA:655,1
DA:656,1
DA:657,1
DA:658,1
DA:659,1
DA:660,1
DA:661,1
DA:663,1
DA:664,1
DA:665,1
DA:666,1
DA:667,1
DA:668,1
DA:669,1
DA:670,1
DA:671,1
DA:672,1
DA:673,1
DA:674,1
DA:675,1
DA:676,1
DA:677,1
DA:678,1
LF:466
LH:439
BRDA:171,0,0,8
BRDA:182,1,0,2
BRDA:183,2,0,0
BRDA:184,3,0,0
BRDA:187,4,0,70
BRDA:188,5,0,0
BRDA:191,6,0,15
BRDA:199,7,0,11
BRDA:199,8,0,4
BRDA:193,9,0,16
BRDA:194,10,0,14
BRDA:194,11,0,14
BRDA:194,12,0,12
BRDA:202,13,0,70
BRDA:203,14,0,45
BRDA:203,15,0,25
BRDA:206,16,0,69
BRDA:207,17,0,4
BRDA:207,18,0,4
BRDA:209,19,0,65
BRDA:211,20,0,1
BRDA:212,21,0,0
BRDA:213,22,0,64
BRDA:216,23,0,1
BRDA:217,24,0,0
BRDA:217,25,0,0
BRDA:221,26,0,70
BRDA:223,27,0,25
BRDA:226,28,0,60
BRDA:232,29,0,69
BRDA:233,30,0,1
BRDA:235,31,0,69
BRDA:237,32,0,68
BRDA:238,33,0,0
BRDA:239,34,0,66
BRDA:239,35,0,5
BRDA:240,36,0,0
BRDA:240,37,0,0
BRDA:242,38,0,4
BRDA:242,39,0,2
BRDA:242,40,0,2
BRDA:246,41,0,63
BRDA:250,42,0,45
BRDA:251,43,0,25
BRDA:254,44,0,1
BRDA:255,45,0,3
BRDA:256,46,0,1
BRDA:257,47,0,1
BRDA:258,48,0,6
BRDA:262,49,0,2
BRDA:263,50,0,1
BRDA:264,51,0,2
BRDA:265,52,0,1
BRDA:266,53,0,1
BRDA:267,54,0,0
BRDA:268,55,0,1
BRDA:269,56,0,1
BRDA:270,57,0,1
BRDA:271,58,0,1
BRDA:272,59,0,1
BRDA:274,60,0,1
BRDA:275,61,0,1
BRDA:276,62,0,1
BRDA:277,63,0,1
BRDA:283,64,0,1
BRDA:284,65,0,1
BRDA:285,66,0,1
BRDA:286,67,0,1
BRDA:288,68,0,1
BRDA:289,69,0,1
BRDA:290,70,0,1
BRDA:291,71,0,1
BRDA:292,72,0,1
BRDA:294,73,0,1
BRDA:295,74,0,2
BRDA:296,75,0,1
BRDA:301,76,0,2
BRDA:303,77,0,1
BRDA:304,78,0,1
BRDA:305,79,0,2
BRDA:306,80,0,1
BRDA:307,81,0,2
BRDA:308,82,0,1
BRDA:309,83,0,2
BRDA:310,84,0,1
BRDA:311,85,0,2
BRDA:312,86,0,1
BRDA:313,87,0,1
BRDA:314,88,0,1
BRDA:315,89,0,2
BRDA:316,90,0,1
BRDA:317,91,0,2
BRDA:318,92,0,1
BRDA:319,93,0,1
BRDA:320,94,0,1
BRDA:321,95,0,1
BRDA:323,96,0,1
BRDA:324,97,0,1
BRDA:378,98,0,2
BRDA:379,99,0,0
BRDA:384,100,0,1
BRDA:385,101,0,0
BRDA:387,102,0,0
BRDA:390,103,0,1
BRDA:392,104,0,0
BRDA:395,105,0,1
BRDA:403,106,0,2
BRDA:404,107,0,0
BRDA:409,108,0,2
BRDA:411,109,0,0
BRDA:413,110,0,0
BRDA:416,111,0,0
BRDA:419,112,0,0
BRDA:425,113,0,2
BRDA:427,114,0,1
BRDA:427,115,0,1
BRDA:430,116,0,2
BRDA:432,117,0,1
BRDA:432,118,0,1
BRDA:435,119,0,3
BRDA:436,120,0,0
BRDA:437,121,0,1
BRDA:439,122,0,2
BRDA:440,123,0,1
BRDA:445,124,0,0
BRDA:449,125,0,1
BRDA:450,126,0,0
BRDA:451,127,0,0
BRDA:482,128,0,0
BRDA:485,129,0,1
BRDA:490,130,0,2
BRDA:490,131,0,1
BRDA:502,132,0,1
BRDA:506,133,0,0
BRDA:511,134,0,1
BRDA:517,135,0,1
BRDA:518,136,0,0
BRDA:521,137,0,2
BRDA:522,138,0,0
BRDA:523,139,0,1
BRDA:531,140,0,1
BRDA:533,141,0,0
BRDA:532,142,0,1
BRDA:537,143,0,1
BRDA:543,144,0,1
BRDA:559,145,0,1
BRDA:574,146,0,0
BRDA:592,147,0,1
BRDA:602,148,0,1
BRDA:622,149,0,1
BRDA:636,150,0,1
BRDA:638,151,0,8
BRDA:638,152,0,1
BRF:153
BRH:124
end_of_record
TN:
SF:packages\shared-ui\src\components\ConfirmDialog.vue
FN:21,__vite_ssr_import_2__.createBlock.onClose._cache.<computed>._cache.<computed>
FN:24,__vite_ssr_import_2__.createElementVNode.onClick._cache.<computed>._cache.<computed>
FN:25,__vite_ssr_import_2__.createElementVNode.onClick._cache.<computed>._cache.<computed>
FNF:3
FNH:2
FNDA:0,__vite_ssr_import_2__.createBlock.onClose._cache.<computed>._cache.<computed>
FNDA:1,__vite_ssr_import_2__.createElementVNode.onClick._cache.<computed>._cache.<computed>
FNDA:1,__vite_ssr_import_2__.createElementVNode.onClick._cache.<computed>._cache.<computed>
DA:1,1
DA:2,1
DA:21,1
DA:22,1
DA:23,1
DA:24,1
DA:25,1
DA:27,1
LF:8
LH:8
BRDA:24,0,0,1
BRDA:25,1,0,0
BRDA:24,2,0,1
BRDA:25,3,0,1
BRDA:22,4,0,1
BRF:5
BRH:4
end_of_record
TN:
SF:packages\shared-ui\src\components\DataTable.vue
FNF:0
FNH:0
DA:1,1
DA:2,1
DA:3,1
DA:4,1
DA:20,1
DA:21,1
DA:22,1
DA:23,1
DA:24,1
DA:25,1
DA:26,1
DA:27,1
LF:12
LH:12
BRDA:20,0,0,1
BRDA:21,1,0,1
BRDA:22,2,0,1
BRF:3
BRH:3
end_of_record
TN:
SF:packages\shared-ui\src\components\Drawer.vue
FN:15,__vite_ssr_import_1__.createBlock.$props.open.__vite_ssr_import_1__.createElementBlock.__vite_ssr_import_1__.createElementVNode.__vite_ssr_import_1__.createElementVNode.__vite_ssr_import_1__.createElementVNode.onClick._cache.<computed>._cache.<computed>
FNF:1
FNH:1
FNDA:1,__vite_ssr_import_1__.createBlock.$props.open.__vite_ssr_import_1__.createElementBlock.__vite_ssr_import_1__.createElementVNode.__vite_ssr_import_1__.createElementVNode.__vite_ssr_import_1__.createElementVNode.onClick._cache.<computed>._cache.<computed>
DA:1,1
DA:7,1
DA:8,1
DA:9,1
DA:10,1
DA:11,1
DA:12,1
DA:13,1
DA:14,1
DA:15,1
DA:16,1
DA:17,1
DA:18,1
DA:19,1
DA:20,1
DA:21,1
DA:22,1
LF:17
LH:17
BRDA:13,0,0,0
BRDA:15,1,0,1
BRF:2
BRH:1
end_of_record
TN:
SF:packages\shared-ui\src\components\EmptyState.vue
FNF:0
FNH:0
DA:1,1
DA:6,1
DA:7,1
DA:8,1
DA:9,1
DA:10,1
LF:6
LH:6
BRDA:7,0,0,0
BRDA:8,1,0,1
BRF:2
BRH:1
end_of_record
TN:
SF:packages\shared-ui\src\components\ErrorState.vue
FNF:0
FNH:0
DA:1,1
DA:6,1
DA:7,1
DA:8,1
DA:9,1
DA:10,1
LF:6
LH:6
BRDA:7,0,0,1
BRDA:8,1,0,0
BRF:2
BRH:1
end_of_record
TN:
SF:packages\shared-ui\src\components\LoadingState.vue
FNF:0
FNH:0
DA:1,1
DA:6,1
DA:7,1
DA:8,1
DA:9,1
LF:5
LH:5
BRDA:7,0,0,0
BRDA:8,1,0,1
BRF:2
BRH:1
end_of_record
TN:
SF:packages\shared-ui\src\components\Modal.vue
FN:15,__vite_ssr_import_1__.createBlock.$props.open.__vite_ssr_import_1__.createElementBlock.__vite_ssr_import_1__.createElementVNode.__vite_ssr_import_1__.createElementVNode.__vite_ssr_import_1__.createElementVNode.onClick._cache.<computed>._cache.<computed>
FNF:1
FNH:1
FNDA:1,__vite_ssr_import_1__.createBlock.$props.open.__vite_ssr_import_1__.createElementBlock.__vite_ssr_import_1__.createElementVNode.__vite_ssr_import_1__.createElementVNode.__vite_ssr_import_1__.createElementVNode.onClick._cache.<computed>._cache.<computed>
DA:1,1
DA:7,1
DA:8,1
DA:9,1
DA:10,1
DA:11,1
DA:12,1
DA:13,1
DA:14,1
DA:15,1
DA:16,1
DA:17,1
DA:18,1
DA:19,1
DA:20,1
DA:21,1
DA:22,1
DA:23,1
DA:24,1
DA:25,1
LF:20
LH:20
BRDA:13,0,0,0
BRDA:15,1,0,1
BRF:2
BRH:1
end_of_record
TN:
SF:packages\shared-ui\src\components\StatusTag.vue
FNF:0
FNH:0
DA:1,1
DA:2,1
DA:4,1
DA:6,1
DA:7,2
DA:8,2
DA:9,1
DA:10,1
DA:11,1
DA:12,1
DA:13,1
DA:14,1
DA:15,1
DA:16,1
DA:17,1
DA:18,1
DA:19,1
DA:20,1
DA:21,1
DA:22,1
DA:23,1
DA:24,1
DA:25,1
DA:26,1
DA:27,1
DA:28,1
DA:29,1
DA:30,1
DA:31,1
DA:32,1
DA:33,1
DA:34,1
DA:35,1
DA:36,1
DA:37,1
DA:38,1
DA:39,1
DA:40,1
DA:41,1
DA:45,1
LF:40
LH:40
BRDA:6,0,0,2
BRDA:7,1,0,0
BRDA:8,2,0,1
BRF:3
BRH:2
end_of_record
